[ 2017-05-19T09:49:00+08:00 ] 127.0.0.1 127.0.0.1 GET /index.php
[ log ] local.sitegroupnode.com/index.php [运行时间：0.024154s][吞吐率：41.40req/s] [内存消耗：1,265.01kb] [文件加载：26]
[ info ] [ LANG ] /home/wwwroot/sitegroup-node/thinkphp/lang/zh-cn.php
[ info ] [ ROUTE ] array (
  'type' => 'module',
  'module' => 
  array (
    0 => '',
    1 => NULL,
    2 => NULL,
  ),
)
[ info ] [ HEADER ] array (
  'host' => 'local.sitegroupnode.com',
  'x-real-ip' => '127.0.0.1',
  'remote-host' => '127.0.0.1',
  'connection' => 'close',
  'upgrade-insecure-requests' => '1',
  'user-agent' => 'Mozilla/5.0 (X11; Linux x86_64) AppleWebKit/537.36 (KHTML, like Gecko) Chrome/58.0.3029.110 Safari/537.36',
  'accept' => 'text/html,application/xhtml+xml,application/xml;q=0.9,image/webp,*/*;q=0.8',
  'accept-encoding' => 'gzip, deflate, sdch',
  'accept-language' => 'zh-CN,zh;q=0.8',
)
[ info ] [ PARAM ] array (
)
[ info ] [ RUN ] app\index\controller\Index->index[ /home/wwwroot/sitegroup-node/application/index/controller/Index.php ]
[ info ] [ LOG ] INIT File

---------------------------------------------------------------
